[35m[1mScanning dependencies of target _hector_nav_msgs_generate_messages_check_deps_GetRobotTrajectory
[0m[  0%] Built target _hector_nav_msgs_generate_messages_check_deps_GetRobotTrajectory
[35m[1mScanning dependencies of target _hector_nav_msgs_generate_messages_check_deps_GetNormal
[0m[  0%] Built target _hector_nav_msgs_generate_messages_check_deps_GetNormal
[35m[1mScanning dependencies of target _hector_nav_msgs_generate_messages_check_deps_GetDistanceToObstacle
[0m[  0%] Built target _hector_nav_msgs_generate_messages_check_deps_GetDistanceToObstacle
[35m[1mScanning dependencies of target _hector_nav_msgs_generate_messages_check_deps_GetSearchPosition
[0m[  0%] Built target _hector_nav_msgs_generate_messages_check_deps_GetSearchPosition
[35m[1mScanning dependencies of target nav_msgs_generate_messages_py
[0m[  0%] Built target nav_msgs_generate_messages_py
[35m[1mScanning dependencies of target _hector_nav_msgs_generate_messages_check_deps_GetRecoveryInfo
[0m[  0%] Built target _hector_nav_msgs_generate_messages_check_deps_GetRecoveryInfo
[35m[1mScanning dependencies of target std_msgs_generate_messages_py
[0m[  0%] Built target std_msgs_generate_messages_py
[35m[1mScanning dependencies of target nav_msgs_generate_messages_lisp
[0m[  0%] Built target nav_msgs_generate_messages_lisp
[35m[1mScanning dependencies of target std_msgs_generate_messages_lisp
[0m[  0%] Built target std_msgs_generate_messages_lisp
[35m[1mScanning dependencies of target nav_msgs_generate_messages_cpp
[0m[  0%] Built target nav_msgs_generate_messages_cpp
[35m[1mScanning dependencies of target std_msgs_generate_messages_cpp
[0m[  0%] Built target std_msgs_generate_messages_cpp
[35m[1mScanning dependencies of target hector_nav_msgs_generate_messages_py
[0m[  6%] [34m[1mGenerating Python code from SRV hector_nav_msgs/GetRecoveryInfo
[0m[ 12%] [34m[1mGenerating Python code from SRV hector_nav_msgs/GetRobotTrajectory
[0m[ 18%] [34m[1mGenerating Python code from SRV hector_nav_msgs/GetDistanceToObstacle
[0m[ 25%] [34m[1mGenerating Python code from SRV hector_nav_msgs/GetNormal
[0m[ 31%] [34m[1mGenerating Python code from SRV hector_nav_msgs/GetSearchPosition
[0m[ 37%] [34m[1mGenerating Python srv __init__.py for hector_nav_msgs
[0m[ 37%] Built target hector_nav_msgs_generate_messages_py
[35m[1mScanning dependencies of target hector_nav_msgs_generate_messages_lisp
[0m[ 43%] [34m[1mGenerating Lisp code from hector_nav_msgs/GetRecoveryInfo.srv
[0m[ 50%] [34m[1mGenerating Lisp code from hector_nav_msgs/GetRobotTrajectory.srv
[0m[ 56%] [34m[1mGenerating Lisp code from hector_nav_msgs/GetDistanceToObstacle.srv
[0m[ 62%] [34m[1mGenerating Lisp code from hector_nav_msgs/GetNormal.srv
[0m[ 68%] [34m[1mGenerating Lisp code from hector_nav_msgs/GetSearchPosition.srv
[0m[ 68%] Built target hector_nav_msgs_generate_messages_lisp
[35m[1mScanning dependencies of target hector_nav_msgs_generate_messages_cpp
[0m[ 75%] [34m[1mGenerating C++ code from hector_nav_msgs/GetRecoveryInfo.srv
[0m[ 81%] [34m[1mGenerating C++ code from hector_nav_msgs/GetRobotTrajectory.srv
[0m[ 87%] [34m[1mGenerating C++ code from hector_nav_msgs/GetDistanceToObstacle.srv
[0m[ 93%] [34m[1mGenerating C++ code from hector_nav_msgs/GetNormal.srv
[0m[100%] [34m[1mGenerating C++ code from hector_nav_msgs/GetSearchPosition.srv
[0m[100%] Built target hector_nav_msgs_generate_messages_cpp
[35m[1mScanning dependencies of target hector_nav_msgs_generate_messages
[0m[100%] Built target hector_nav_msgs_generate_messages
