Symlinking /home/turtlebot/mybot_ws/devel/share/common-lisp/ros/ros_arduino_msgs/srv/_package_AnalogWrite.lisp
Symlinking /home/turtlebot/mybot_ws/devel/share/common-lisp/ros/ros_arduino_msgs/srv/DigitalWrite.lisp
Symlinking /home/turtlebot/mybot_ws/devel/share/common-lisp/ros/ros_arduino_msgs/srv/_package_ServoWrite.lisp
Symlinking /home/turtlebot/mybot_ws/devel/share/common-lisp/ros/ros_arduino_msgs/srv/AnalogRead.lisp
Symlinking /home/turtlebot/mybot_ws/devel/share/common-lisp/ros/ros_arduino_msgs/srv/ServoWrite.lisp
Symlinking /home/turtlebot/mybot_ws/devel/share/common-lisp/ros/ros_arduino_msgs/srv/_package_DigitalSetDirection.lisp
Symlinking /home/turtlebot/mybot_ws/devel/share/common-lisp/ros/ros_arduino_msgs/srv/ServoRead.lisp
Symlinking /home/turtlebot/mybot_ws/devel/share/common-lisp/ros/ros_arduino_msgs/srv/DigitalRead.lisp
Symlinking /home/turtlebot/mybot_ws/devel/share/common-lisp/ros/ros_arduino_msgs/srv/AnalogWrite.lisp
Symlinking /home/turtlebot/mybot_ws/devel/share/common-lisp/ros/ros_arduino_msgs/srv/DigitalSetDirection.lisp
Symlinking /home/turtlebot/mybot_ws/devel/share/common-lisp/ros/ros_arduino_msgs/srv/_package_AnalogRead.lisp
Symlinking /home/turtlebot/mybot_ws/devel/share/common-lisp/ros/ros_arduino_msgs/srv/_package_ServoRead.lisp
Symlinking /home/turtlebot/mybot_ws/devel/share/common-lisp/ros/ros_arduino_msgs/srv/_package_DigitalWrite.lisp
Symlinking /home/turtlebot/mybot_ws/devel/share/common-lisp/ros/ros_arduino_msgs/srv/_package_DigitalRead.lisp
Symlinking /home/turtlebot/mybot_ws/devel/share/common-lisp/ros/ros_arduino_msgs/srv/_package.lisp
Symlinking /home/turtlebot/mybot_ws/devel/share/common-lisp/ros/ros_arduino_msgs/srv/ros_arduino_msgs-srv.asd
Symlinking /home/turtlebot/mybot_ws/devel/share/common-lisp/ros/ros_arduino_msgs/msg/_package_Analog.lisp
Symlinking /home/turtlebot/mybot_ws/devel/share/common-lisp/ros/ros_arduino_msgs/msg/AnalogFloat.lisp
Symlinking /home/turtlebot/mybot_ws/devel/share/common-lisp/ros/ros_arduino_msgs/msg/ros_arduino_msgs-msg.asd
Symlinking /home/turtlebot/mybot_ws/devel/share/common-lisp/ros/ros_arduino_msgs/msg/_package_AnalogFloat.lisp
Symlinking /home/turtlebot/mybot_ws/devel/share/common-lisp/ros/ros_arduino_msgs/msg/Analog.lisp
Symlinking /home/turtlebot/mybot_ws/devel/share/common-lisp/ros/ros_arduino_msgs/msg/SensorState.lisp
Symlinking /home/turtlebot/mybot_ws/devel/share/common-lisp/ros/ros_arduino_msgs/msg/_package_SensorState.lisp
Symlinking /home/turtlebot/mybot_ws/devel/share/common-lisp/ros/ros_arduino_msgs/msg/_package_Digital.lisp
Symlinking /home/turtlebot/mybot_ws/devel/share/common-lisp/ros/ros_arduino_msgs/msg/Digital.lisp
Symlinking /home/turtlebot/mybot_ws/devel/share/common-lisp/ros/ros_arduino_msgs/msg/_package_ArduinoConstants.lisp
Symlinking /home/turtlebot/mybot_ws/devel/share/common-lisp/ros/ros_arduino_msgs/msg/ArduinoConstants.lisp
Symlinking /home/turtlebot/mybot_ws/devel/share/common-lisp/ros/ros_arduino_msgs/msg/_package.lisp
Symlinking /home/turtlebot/mybot_ws/devel/share/ros_arduino_msgs/cmake/ros_arduino_msgsConfig.cmake
Symlinking /home/turtlebot/mybot_ws/devel/share/ros_arduino_msgs/cmake/ros_arduino_msgs-msg-extras.cmake
Symlinking /home/turtlebot/mybot_ws/devel/share/ros_arduino_msgs/cmake/ros_arduino_msgs-msg-paths.cmake
Symlinking /home/turtlebot/mybot_ws/devel/share/ros_arduino_msgs/cmake/ros_arduino_msgsConfig-version.cmake
Symlinking /home/turtlebot/mybot_ws/devel/include/ros_arduino_msgs/AnalogWriteRequest.h
Symlinking /home/turtlebot/mybot_ws/devel/include/ros_arduino_msgs/ServoReadResponse.h
Symlinking /home/turtlebot/mybot_ws/devel/include/ros_arduino_msgs/DigitalWrite.h
Symlinking /home/turtlebot/mybot_ws/devel/include/ros_arduino_msgs/ServoWriteResponse.h
Symlinking /home/turtlebot/mybot_ws/devel/include/ros_arduino_msgs/ServoReadRequest.h
Symlinking /home/turtlebot/mybot_ws/devel/include/ros_arduino_msgs/AnalogFloat.h
Symlinking /home/turtlebot/mybot_ws/devel/include/ros_arduino_msgs/AnalogReadRequest.h
Symlinking /home/turtlebot/mybot_ws/devel/include/ros_arduino_msgs/DigitalWriteRequest.h
Symlinking /home/turtlebot/mybot_ws/devel/include/ros_arduino_msgs/DigitalSetDirectionResponse.h
Symlinking /home/turtlebot/mybot_ws/devel/include/ros_arduino_msgs/Analog.h
Symlinking /home/turtlebot/mybot_ws/devel/include/ros_arduino_msgs/DigitalReadResponse.h
Symlinking /home/turtlebot/mybot_ws/devel/include/ros_arduino_msgs/DigitalReadRequest.h
Symlinking /home/turtlebot/mybot_ws/devel/include/ros_arduino_msgs/AnalogWriteResponse.h
Symlinking /home/turtlebot/mybot_ws/devel/include/ros_arduino_msgs/ArduinoConstants.h
Symlinking /home/turtlebot/mybot_ws/devel/include/ros_arduino_msgs/SensorState.h
Symlinking /home/turtlebot/mybot_ws/devel/include/ros_arduino_msgs/DigitalSetDirectionRequest.h
Symlinking /home/turtlebot/mybot_ws/devel/include/ros_arduino_msgs/DigitalSetDirection.h
Symlinking /home/turtlebot/mybot_ws/devel/include/ros_arduino_msgs/Digital.h
Symlinking /home/turtlebot/mybot_ws/devel/include/ros_arduino_msgs/AnalogRead.h
Symlinking /home/turtlebot/mybot_ws/devel/include/ros_arduino_msgs/AnalogReadResponse.h
Symlinking /home/turtlebot/mybot_ws/devel/include/ros_arduino_msgs/ServoWrite.h
Symlinking /home/turtlebot/mybot_ws/devel/include/ros_arduino_msgs/AnalogWrite.h
Symlinking /home/turtlebot/mybot_ws/devel/include/ros_arduino_msgs/ServoWriteRequest.h
Symlinking /home/turtlebot/mybot_ws/devel/include/ros_arduino_msgs/ServoRead.h
Symlinking /home/turtlebot/mybot_ws/devel/include/ros_arduino_msgs/DigitalWriteResponse.h
Symlinking /home/turtlebot/mybot_ws/devel/include/ros_arduino_msgs/DigitalRead.h
Symlinking /home/turtlebot/mybot_ws/devel/lib/python2.7/dist-packages/ros_arduino_msgs/__init__.py
Symlinking /home/turtlebot/mybot_ws/devel/lib/python2.7/dist-packages/ros_arduino_msgs/srv/_AnalogRead.py
Symlinking /home/turtlebot/mybot_ws/devel/lib/python2.7/dist-packages/ros_arduino_msgs/srv/_DigitalRead.py
Symlinking /home/turtlebot/mybot_ws/devel/lib/python2.7/dist-packages/ros_arduino_msgs/srv/_ServoRead.py
Symlinking /home/turtlebot/mybot_ws/devel/lib/python2.7/dist-packages/ros_arduino_msgs/srv/_ServoWrite.py
Symlinking /home/turtlebot/mybot_ws/devel/lib/python2.7/dist-packages/ros_arduino_msgs/srv/_DigitalWrite.py
Symlinking /home/turtlebot/mybot_ws/devel/lib/python2.7/dist-packages/ros_arduino_msgs/srv/_AnalogWrite.py
Symlinking /home/turtlebot/mybot_ws/devel/lib/python2.7/dist-packages/ros_arduino_msgs/srv/__init__.py
Symlinking /home/turtlebot/mybot_ws/devel/lib/python2.7/dist-packages/ros_arduino_msgs/srv/_DigitalSetDirection.py
Symlinking /home/turtlebot/mybot_ws/devel/lib/python2.7/dist-packages/ros_arduino_msgs/msg/_Digital.py
Symlinking /home/turtlebot/mybot_ws/devel/lib/python2.7/dist-packages/ros_arduino_msgs/msg/__init__.py
Symlinking /home/turtlebot/mybot_ws/devel/lib/python2.7/dist-packages/ros_arduino_msgs/msg/_Analog.py
Symlinking /home/turtlebot/mybot_ws/devel/lib/python2.7/dist-packages/ros_arduino_msgs/msg/_SensorState.py
Symlinking /home/turtlebot/mybot_ws/devel/lib/python2.7/dist-packages/ros_arduino_msgs/msg/_AnalogFloat.py
Symlinking /home/turtlebot/mybot_ws/devel/lib/python2.7/dist-packages/ros_arduino_msgs/msg/_ArduinoConstants.py
Symlinking /home/turtlebot/mybot_ws/devel/lib/pkgconfig/ros_arduino_msgs.pc
