[35m[1mScanning dependencies of target _ros_arduino_msgs_generate_messages_check_deps_ArduinoConstants
[0m[  0%] Built target _ros_arduino_msgs_generate_messages_check_deps_ArduinoConstants
[35m[1mScanning dependencies of target _ros_arduino_msgs_generate_messages_check_deps_AnalogFloat
[0m[  0%] Built target _ros_arduino_msgs_generate_messages_check_deps_AnalogFloat
[35m[1mScanning dependencies of target _ros_arduino_msgs_generate_messages_check_deps_ServoRead
[0m[  0%] Built target _ros_arduino_msgs_generate_messages_check_deps_ServoRead
[35m[1mScanning dependencies of target std_msgs_generate_messages_py
[0m[  0%] Built target std_msgs_generate_messages_py
[35m[1mScanning dependencies of target _ros_arduino_msgs_generate_messages_check_deps_AnalogWrite
[0m[  0%] Built target _ros_arduino_msgs_generate_messages_check_deps_AnalogWrite
[35m[1mScanning dependencies of target _ros_arduino_msgs_generate_messages_check_deps_SensorState
[0m[  0%] Built target _ros_arduino_msgs_generate_messages_check_deps_SensorState
[35m[1mScanning dependencies of target _ros_arduino_msgs_generate_messages_check_deps_DigitalWrite
[0m[  0%] Built target _ros_arduino_msgs_generate_messages_check_deps_DigitalWrite
[35m[1mScanning dependencies of target _ros_arduino_msgs_generate_messages_check_deps_DigitalRead
[0m[  0%] Built target _ros_arduino_msgs_generate_messages_check_deps_DigitalRead
[35m[1mScanning dependencies of target _ros_arduino_msgs_generate_messages_check_deps_ServoWrite
[0m[  0%] Built target _ros_arduino_msgs_generate_messages_check_deps_ServoWrite
[35m[1mScanning dependencies of target _ros_arduino_msgs_generate_messages_check_deps_AnalogRead
[0m[  0%] Built target _ros_arduino_msgs_generate_messages_check_deps_AnalogRead
[35m[1mScanning dependencies of target _ros_arduino_msgs_generate_messages_check_deps_Analog
[0m[  0%] Built target _ros_arduino_msgs_generate_messages_check_deps_Analog
[35m[1mScanning dependencies of target _ros_arduino_msgs_generate_messages_check_deps_DigitalSetDirection
[0m[  0%] Built target _ros_arduino_msgs_generate_messages_check_deps_DigitalSetDirection
[35m[1mScanning dependencies of target _ros_arduino_msgs_generate_messages_check_deps_Digital
[0m[  0%] Built target _ros_arduino_msgs_generate_messages_check_deps_Digital
[35m[1mScanning dependencies of target std_msgs_generate_messages_cpp
[0m[  0%] Built target std_msgs_generate_messages_cpp
[35m[1mScanning dependencies of target std_msgs_generate_messages_lisp
[0m[  0%] Built target std_msgs_generate_messages_lisp
[35m[1mScanning dependencies of target ros_arduino_msgs_generate_messages_py
[0m[  2%] [34m[1mGenerating Python from MSG ros_arduino_msgs/ArduinoConstants
[0m[  5%] [34m[1mGenerating Python from MSG ros_arduino_msgs/AnalogFloat
[0m[  7%] [34m[1mGenerating Python from MSG ros_arduino_msgs/Digital
[0m[ 10%] [34m[1mGenerating Python from MSG ros_arduino_msgs/Analog
[0m[ 13%] [34m[1mGenerating Python from MSG ros_arduino_msgs/SensorState
[0m[ 15%] [34m[1mGenerating Python code from SRV ros_arduino_msgs/ServoWrite
[0m[ 18%] [34m[1mGenerating Python code from SRV ros_arduino_msgs/ServoRead
[0m[ 21%] [34m[1mGenerating Python code from SRV ros_arduino_msgs/DigitalSetDirection
[0m[ 23%] [34m[1mGenerating Python code from SRV ros_arduino_msgs/AnalogWrite
[0m[ 26%] [34m[1mGenerating Python code from SRV ros_arduino_msgs/DigitalWrite
[0m[ 28%] [34m[1mGenerating Python code from SRV ros_arduino_msgs/DigitalRead
[0m[ 31%] [34m[1mGenerating Python code from SRV ros_arduino_msgs/AnalogRead
[0m[ 34%] [34m[1mGenerating Python msg __init__.py for ros_arduino_msgs
[0m[ 36%] [34m[1mGenerating Python srv __init__.py for ros_arduino_msgs
[0m[ 36%] Built target ros_arduino_msgs_generate_messages_py
[35m[1mScanning dependencies of target ros_arduino_msgs_generate_messages_cpp
[0m[ 39%] [34m[1mGenerating C++ code from ros_arduino_msgs/ArduinoConstants.msg
[0m[ 42%] [34m[1mGenerating C++ code from ros_arduino_msgs/AnalogFloat.msg
[0m[ 44%] [34m[1mGenerating C++ code from ros_arduino_msgs/Digital.msg
[0m[ 47%] [34m[1mGenerating C++ code from ros_arduino_msgs/Analog.msg
[0m[ 50%] [34m[1mGenerating C++ code from ros_arduino_msgs/SensorState.msg
[0m[ 52%] [34m[1mGenerating C++ code from ros_arduino_msgs/ServoWrite.srv
[0m[ 55%] [34m[1mGenerating C++ code from ros_arduino_msgs/ServoRead.srv
[0m[ 57%] [34m[1mGenerating C++ code from ros_arduino_msgs/DigitalSetDirection.srv
[0m[ 60%] [34m[1mGenerating C++ code from ros_arduino_msgs/AnalogWrite.srv
[0m[ 63%] [34m[1mGenerating C++ code from ros_arduino_msgs/DigitalWrite.srv
[0m[35m[1mScanning dependencies of target ros_arduino_msgs_generate_messages_lisp
[0m[ 65%] [34m[1mGenerating Lisp code from ros_arduino_msgs/ArduinoConstants.msg
[0m[ 68%] [34m[1mGenerating Lisp code from ros_arduino_msgs/AnalogFloat.msg
[0m[ 71%] [ 73%] [34m[1mGenerating Lisp code from ros_arduino_msgs/Digital.msg
[0m[34m[1mGenerating Lisp code from ros_arduino_msgs/Analog.msg
[0m[ 76%] [34m[1mGenerating C++ code from ros_arduino_msgs/DigitalRead.srv
[0m[ 78%] [34m[1mGenerating Lisp code from ros_arduino_msgs/SensorState.msg
[0m[ 81%] [34m[1mGenerating C++ code from ros_arduino_msgs/AnalogRead.srv
[0m[ 84%] [34m[1mGenerating Lisp code from ros_arduino_msgs/ServoWrite.srv
[0m[ 86%] [34m[1mGenerating Lisp code from ros_arduino_msgs/ServoRead.srv
[0m[ 89%] [34m[1mGenerating Lisp code from ros_arduino_msgs/DigitalSetDirection.srv
[0m[ 92%] [34m[1mGenerating Lisp code from ros_arduino_msgs/AnalogWrite.srv
[0m[ 94%] [34m[1mGenerating Lisp code from ros_arduino_msgs/DigitalWrite.srv
[0m[ 97%] [34m[1mGenerating Lisp code from ros_arduino_msgs/DigitalRead.srv
[0m[ 97%] Built target ros_arduino_msgs_generate_messages_cpp
[100%] [34m[1mGenerating Lisp code from ros_arduino_msgs/AnalogRead.srv
[0m[100%] Built target ros_arduino_msgs_generate_messages_lisp
[35m[1mScanning dependencies of target ros_arduino_msgs_generate_messages
[0m[100%] Built target ros_arduino_msgs_generate_messages
