[35m[1mScanning dependencies of target hector_nav_msgs_generate_messages_lisp
[35m[1mScanning dependencies of target rosgraph_msgs_generate_messages_lisp
[35m[1mScanning dependencies of target hector_nav_msgs_generate_messages_cpp
[0m[0m[35m[1mScanning dependencies of target geometry_msgs_generate_messages_lisp
[0m[0m[  0%] [  0%] [  0%] Built target hector_nav_msgs_generate_messages_cpp
[  0%] Built target hector_nav_msgs_generate_messages_lisp
Built target rosgraph_msgs_generate_messages_lisp
Built target geometry_msgs_generate_messages_lisp
[35m[1mScanning dependencies of target geometry_msgs_generate_messages_py
[0m[35m[1mScanning dependencies of target roscpp_generate_messages_cpp
[35m[1mScanning dependencies of target rosgraph_msgs_generate_messages_py
[35m[1mScanning dependencies of target nav_msgs_generate_messages_cpp
[0m[0m[0m[  0%] [  0%] Built target geometry_msgs_generate_messages_py
[  0%] Built target nav_msgs_generate_messages_cpp
Built target rosgraph_msgs_generate_messages_py
[  0%] Built target roscpp_generate_messages_cpp
[35m[1mScanning dependencies of target roscpp_generate_messages_lisp
[35m[1mScanning dependencies of target geometry_msgs_generate_messages_cpp
[35m[1mScanning dependencies of target actionlib_msgs_generate_messages_py
[0m[0m[0m[35m[1mScanning dependencies of target std_msgs_generate_messages_cpp
[0m[  0%] [  0%] Built target roscpp_generate_messages_lisp
Built target geometry_msgs_generate_messages_cpp
[  0%] [  0%] Built target actionlib_msgs_generate_messages_py
Built target std_msgs_generate_messages_cpp
[35m[1mScanning dependencies of target actionlib_msgs_generate_messages_lisp
[0m[35m[1mScanning dependencies of target std_msgs_generate_messages_lisp
[0m[35m[1mScanning dependencies of target roscpp_generate_messages_py
[35m[1mScanning dependencies of target std_msgs_generate_messages_py
[0m[0m[  0%] [  0%] [  0%] Built target std_msgs_generate_messages_lisp
Built target actionlib_msgs_generate_messages_lisp
Built target roscpp_generate_messages_py
[  0%] Built target std_msgs_generate_messages_py
[35m[1mScanning dependencies of target actionlib_msgs_generate_messages_cpp
[35m[1mScanning dependencies of target rosgraph_msgs_generate_messages_cpp
[0m[0m[35m[1mScanning dependencies of target nav_msgs_generate_messages_lisp
[35m[1mScanning dependencies of target hector_nav_msgs_generate_messages_py
[0m[0m[  0%] [  0%] Built target actionlib_msgs_generate_messages_cpp
Built target rosgraph_msgs_generate_messages_cpp
[  0%] Built target nav_msgs_generate_messages_lisp
[  0%] Built target hector_nav_msgs_generate_messages_py
[35m[1mScanning dependencies of target _catkin_empty_exported_target
[35m[1mScanning dependencies of target nav_msgs_generate_messages_py
[0m[0m[  0%] [  0%] Built target _catkin_empty_exported_target
Built target nav_msgs_generate_messages_py
[35m[1mScanning dependencies of target hector_geotiff_plugins
[0m[100%] [32mBuilding CXX object CMakeFiles/hector_geotiff_plugins.dir/src/trajectory_geotiff_plugin.cpp.o
[0m[31m[1mLinking CXX shared library /home/turtlebot/mybot_ws/devel/.private/hector_geotiff_plugins/lib/libhector_geotiff_plugins.so
[0m[100%] Built target hector_geotiff_plugins
